<?xml version="1.0" encoding="UTF-8"?>
<!-- Generated by org.testng.reporters.JUnitReportReporter -->
<testsuite hostname="LAPTOP-HR3JTIVI" failures="0" tests="1" name="com.qa.testscripts.TC_FlipkartLink_001" time="15.036" errors="0" timestamp="2021-12-08T01:38:04 IST" skipped="0">
  <testcase classname="com.qa.testscripts.TC_FlipkartLink_001" name="search" time="15.036"/>
  <system-out/>
</testsuite> <!-- com.qa.testscripts.TC_FlipkartLink_001 -->
